<?xml version="1.0" encoding="UTF-8"?>
<!-- Generated by org.testng.reporters.JUnitReportReporter -->
<testsuite hostname="c" name="TestProject.TestClass" tests="1" failures="0" timestamp="14 Oct 2017 14:07:02 GMT" time="5.951" errors="0">
  <testcase name="testlogger" time="5.951" classname="TestProject.TestClass"/>
</testsuite> <!-- TestProject.TestClass -->
